1782591122: mosquitto version 2.1.2 starting
1782591122: Config loaded from /mosquitto/config/mosquitto.conf.
1782591122: Bridge support available.
1782591122: Persistence support available.
1782591122: TLS support available.
1782591122: TLS-PSK support available.
1782591122: Websockets support available.
1782591122: Opening ipv4 listen socket on port 1883.
1782591122: Opening ipv6 listen socket on port 1883.
1782591122: Opening ipv4 listen socket on port 9001.
1782591122: Opening ipv6 listen socket on port 9001.
1782591122: mosquitto version 2.1.2 running
1782592923: Saving in-memory database to /mosquitto/data//mosquitto.db.
1782594724: Saving in-memory database to /mosquitto/data//mosquitto.db.
1782596524: Saving in-memory database to /mosquitto/data//mosquitto.db.
1782637754: mosquitto version 2.1.2 starting
1782637754: Config loaded from /mosquitto/config/mosquitto.conf.
1782637754: Bridge support available.
1782637754: Persistence support available.
1782637754: TLS support available.
1782637754: TLS-PSK support available.
1782637754: Websockets support available.
1782637754: Opening ipv4 listen socket on port 1883.
1782637754: Opening ipv6 listen socket on port 1883.
1782637754: Opening ipv4 listen socket on port 9001.
1782637754: Opening ipv6 listen socket on port 9001.
1782637754: mosquitto version 2.1.2 running
1782637774: New connection from ::1:55526 on port 1883.
1782637774: New client connected from ::1:55526 as auto-84B7724C-3A01-52AD-3A4C-51063DD3B05B (p4, c1, k60).
1782637779: New connection from ::1:58264 on port 1883.
1782637779: New client connected from ::1:58264 as auto-4607EDDF-4EDC-AF56-3032-65AFA8F9930D (p4, c1, k60).
1782637779: Client auto-4607EDDF-4EDC-AF56-3032-65AFA8F9930D [::1:58264] disconnected.
1782637831: Client auto-84B7724C-3A01-52AD-3A4C-51063DD3B05B [::1:55526] disconnected.
1782638353: New connection from 172.18.0.1:41522 on port 1883.
1782638353: New client connected from 172.18.0.1:41522 as subscriber-backend (p4, c1, k60).
1782638357: New connection from 172.18.0.1:41532 on port 1883.
1782638358: New client connected from 172.18.0.1:41532 as publisher-goal-a (p4, c0, k60).
